[debug] [2024-04-27T07:03:49.092Z] ----------------------------------------------------------------------
[debug] [2024-04-27T07:03:49.094Z] Command:       C:\Program Files\nodejs\node.exe C:\Users\Gowtham\AppData\Roaming\npm\node_modules\firebase-tools\lib\bin\firebase.js init
[debug] [2024-04-27T07:03:49.095Z] CLI Version:   13.7.5
[debug] [2024-04-27T07:03:49.095Z] Platform:      win32
[debug] [2024-04-27T07:03:49.095Z] Node Version:  v20.10.0
[debug] [2024-04-27T07:03:49.095Z] Time:          Sat Apr 27 2024 12:33:49 GMT+0530 (India Standard Time)
[debug] [2024-04-27T07:03:49.095Z] ----------------------------------------------------------------------
[debug] 
[debug] [2024-04-27T07:03:49.100Z] > command requires scopes: ["email","openid","https://www.googleapis.com/auth/cloudplatformprojects.readonly","https://www.googleapis.com/auth/firebase","https://www.googleapis.com/auth/cloud-platform"]
[debug] [2024-04-27T07:03:49.100Z] > authorizing via signed-in user (gowthamkumardoit@gmail.com)
[info] 
     ######## #### ########  ######## ########     ###     ######  ########
     ##        ##  ##     ## ##       ##     ##  ##   ##  ##       ##
     ######    ##  ########  ######   ########  #########  ######  ######
     ##        ##  ##    ##  ##       ##     ## ##     ##       ## ##
     ##       #### ##     ## ######## ########  ##     ##  ######  ########

You're about to initialize a Firebase project in this directory:

  F:\Cam_Project\angular_dashboard

[info] 
=== Account Setup
[info] 
[info] Which account do you want to use for this project? Choose an account or add a new one now
[info] 
[debug] [2024-04-27T07:03:55.538Z] setProjectAccount(F:\Cam_Project\angular_dashboard, gowthamkumardoit@gmail.com)
[info] 
[info] +  Using account: gowthamkumardoit@gmail.com 
[info] 
=== Project Setup
[info] 
[info] First, let's associate this project directory with a Firebase project.
[info] You can create multiple project aliases by running firebase use --add, 
[info] but for now we'll just set up a default project.
[info] 
[debug] [2024-04-27T07:03:57.571Z] > refreshing access token with scopes: []
[debug] [2024-04-27T07:03:57.573Z] >>> [apiv2][query] POST https://www.googleapis.com/oauth2/v3/token [none]
[debug] [2024-04-27T07:03:57.573Z] >>> [apiv2][body] POST https://www.googleapis.com/oauth2/v3/token [omitted]
[debug] [2024-04-27T07:03:57.840Z] <<< [apiv2][status] POST https://www.googleapis.com/oauth2/v3/token 400
[debug] [2024-04-27T07:03:57.840Z] <<< [apiv2][body] POST https://www.googleapis.com/oauth2/v3/token [omitted]
[debug] [2024-04-27T07:03:57.841Z] >>> [apiv2][query] GET https://firebase.googleapis.com/v1beta1/projects pageSize=100
[debug] [2024-04-27T07:03:58.141Z] <<< [apiv2][status] GET https://firebase.googleapis.com/v1beta1/projects 401
[debug] [2024-04-27T07:03:58.142Z] <<< [apiv2][body] GET https://firebase.googleapis.com/v1beta1/projects [omitted]
[debug] [2024-04-27T07:03:58.143Z] HTTP Error: 401, Request had invalid authentication credentials. Expected OAuth 2 access token, login cookie or other valid authentication credential. See https://developers.google.com/identity/sign-in/web/devconsole-project.
[debug] [2024-04-27T07:03:58.348Z] FirebaseError: HTTP Error: 401, Request had invalid authentication credentials. Expected OAuth 2 access token, login cookie or other valid authentication credential. See https://developers.google.com/identity/sign-in/web/devconsole-project.
    at responseToError (C:\Users\Gowtham\AppData\Roaming\npm\node_modules\firebase-tools\lib\responseToError.js:49:12)
    at RetryOperation._fn (C:\Users\Gowtham\AppData\Roaming\npm\node_modules\firebase-tools\lib\apiv2.js:299:77)
    at process.processTicksAndRejections (node:internal/process/task_queues:95:5)
[error] 
[error] Error: Failed to list Firebase projects. See firebase-debug.log for more info.
[debug] [2024-04-27T07:07:11.566Z] ----------------------------------------------------------------------
[debug] [2024-04-27T07:07:11.569Z] Command:       C:\Program Files\nodejs\node.exe C:\Users\Gowtham\AppData\Roaming\npm\node_modules\firebase-tools\lib\bin\firebase.js init hosting
[debug] [2024-04-27T07:07:11.569Z] CLI Version:   13.7.5
[debug] [2024-04-27T07:07:11.569Z] Platform:      win32
[debug] [2024-04-27T07:07:11.569Z] Node Version:  v20.10.0
[debug] [2024-04-27T07:07:11.569Z] Time:          Sat Apr 27 2024 12:37:11 GMT+0530 (India Standard Time)
[debug] [2024-04-27T07:07:11.569Z] ----------------------------------------------------------------------
[debug] 
[debug] [2024-04-27T07:07:11.574Z] > command requires scopes: ["email","openid","https://www.googleapis.com/auth/cloudplatformprojects.readonly","https://www.googleapis.com/auth/firebase","https://www.googleapis.com/auth/cloud-platform"]
[debug] [2024-04-27T07:07:11.574Z] > authorizing via signed-in user (gowthamkumardoit@gmail.com)
[info] 
     ######## #### ########  ######## ########     ###     ######  ########
     ##        ##  ##     ## ##       ##     ##  ##   ##  ##       ##
     ######    ##  ########  ######   ########  #########  ######  ######
     ##        ##  ##    ##  ##       ##     ## ##     ##       ## ##
     ##       #### ##     ## ######## ########  ##     ##  ######  ########

You're about to initialize a Firebase project in this directory:

  F:\Cam_Project\angular_dashboard

[info] 
=== Account Setup
[info] 
[info] Which account do you want to use for this project? Choose an account or add a new one now
[info] 
[debug] [2024-04-27T07:07:16.787Z] setProjectAccount(F:\Cam_Project\angular_dashboard, gowthamkumardoit@gmail.com)
[info] 
[info] +  Using account: gowthamkumardoit@gmail.com 
[info] 
=== Project Setup
[info] 
[info] First, let's associate this project directory with a Firebase project.
[info] You can create multiple project aliases by running firebase use --add, 
[info] but for now we'll just set up a default project.
[info] 
[debug] [2024-04-27T07:07:18.795Z] > refreshing access token with scopes: []
[debug] [2024-04-27T07:07:18.797Z] >>> [apiv2][query] POST https://www.googleapis.com/oauth2/v3/token [none]
[debug] [2024-04-27T07:07:18.797Z] >>> [apiv2][body] POST https://www.googleapis.com/oauth2/v3/token [omitted]
[debug] [2024-04-27T07:07:19.095Z] <<< [apiv2][status] POST https://www.googleapis.com/oauth2/v3/token 400
[debug] [2024-04-27T07:07:19.095Z] <<< [apiv2][body] POST https://www.googleapis.com/oauth2/v3/token [omitted]
[debug] [2024-04-27T07:07:19.096Z] >>> [apiv2][query] GET https://firebase.googleapis.com/v1beta1/projects pageSize=100
[debug] [2024-04-27T07:07:19.565Z] <<< [apiv2][status] GET https://firebase.googleapis.com/v1beta1/projects 401
[debug] [2024-04-27T07:07:19.565Z] <<< [apiv2][body] GET https://firebase.googleapis.com/v1beta1/projects [omitted]
[debug] [2024-04-27T07:07:19.566Z] HTTP Error: 401, Request had invalid authentication credentials. Expected OAuth 2 access token, login cookie or other valid authentication credential. See https://developers.google.com/identity/sign-in/web/devconsole-project.
[debug] [2024-04-27T07:07:19.768Z] FirebaseError: HTTP Error: 401, Request had invalid authentication credentials. Expected OAuth 2 access token, login cookie or other valid authentication credential. See https://developers.google.com/identity/sign-in/web/devconsole-project.
    at responseToError (C:\Users\Gowtham\AppData\Roaming\npm\node_modules\firebase-tools\lib\responseToError.js:49:12)
    at RetryOperation._fn (C:\Users\Gowtham\AppData\Roaming\npm\node_modules\firebase-tools\lib\apiv2.js:299:77)
    at process.processTicksAndRejections (node:internal/process/task_queues:95:5)
[error] 
[error] Error: Failed to list Firebase projects. See firebase-debug.log for more info.
